2023.03.26 19:35:28 INFO  Started: Metals version 0.11.11 in workspace 'C:\Projects\portfoliowebsite\portfolio' for client Visual Studio Code 1.76.2.
SLF4J: No SLF4J providers were found.
SLF4J: Defaulting to no-operation (NOP) logger implementation
SLF4J: See https://www.slf4j.org/codes.html#noProviders for further details.
SLF4J: Class path contains SLF4J bindings targeting slf4j-api versions 1.7.x or earlier.
SLF4J: Ignoring binding found at [jar:file:/C:/Users/Siddh/AppData/Local/Coursier/cache/v1/https/repo1.maven.org/maven2/com/outr/scribe-slf4j_2.13/3.11.0/scribe-slf4j_2.13-3.11.0.jar!/org/slf4j/impl/StaticLoggerBinder.class]
SLF4J: See https://www.slf4j.org/codes.html#ignoredBindings for an explanation.
2023.03.26 19:35:29 INFO  time: initialize in 1.31s
2023.03.26 19:35:30 WARN  Build server is not auto-connectable.
2023.03.26 23:18:45 INFO  Shutting down server
2023.03.26 23:18:45 INFO  shutting down Metals
2023.03.26 23:18:45 INFO  Exiting server
2023.03.26 23:29:32 INFO  Started: Metals version 0.11.11 in workspace 'C:\Projects\portfoliowebsite\portfolio' for client Visual Studio Code 1.76.2.
SLF4J: No SLF4J providers were found.
SLF4J: Defaulting to no-operation (NOP) logger implementation
SLF4J: See https://www.slf4j.org/codes.html#noProviders for further details.
SLF4J: Class path contains SLF4J bindings targeting slf4j-api versions 1.7.x or earlier.
SLF4J: Ignoring binding found at [jar:file:/C:/Users/Siddh/AppData/Local/Coursier/cache/v1/https/repo1.maven.org/maven2/com/outr/scribe-slf4j_2.13/3.11.0/scribe-slf4j_2.13-3.11.0.jar!/org/slf4j/impl/StaticLoggerBinder.class]
SLF4J: See https://www.slf4j.org/codes.html#ignoredBindings for an explanation.
2023.03.26 23:29:34 INFO  time: initialize in 1.18s
2023.03.26 23:29:34 WARN  Build server is not auto-connectable.
2023.03.27 01:37:36 INFO  Shutting down server
2023.03.27 01:37:36 INFO  shutting down Metals
2023.03.27 01:37:36 INFO  Exiting server
2023.03.27 08:42:02 INFO  Started: Metals version 0.11.11 in workspace 'C:\Projects\portfoliowebsite\portfolio' for client Visual Studio Code 1.76.2.
SLF4J: No SLF4J providers were found.
SLF4J: Defaulting to no-operation (NOP) logger implementation
SLF4J: See https://www.slf4j.org/codes.html#noProviders for further details.
SLF4J: Class path contains SLF4J bindings targeting slf4j-api versions 1.7.x or earlier.
SLF4J: Ignoring binding found at [jar:file:/C:/Users/Siddh/AppData/Local/Coursier/cache/v1/https/repo1.maven.org/maven2/com/outr/scribe-slf4j_2.13/3.11.0/scribe-slf4j_2.13-3.11.0.jar!/org/slf4j/impl/StaticLoggerBinder.class]
SLF4J: See https://www.slf4j.org/codes.html#ignoredBindings for an explanation.
2023.03.27 08:42:03 INFO  time: initialize in 1.1s
2023.03.27 08:42:03 WARN  Build server is not auto-connectable.
2023.03.27 09:30:09 WARN  no build target for: C:\Projects\portfoliowebsite\portfolio\app\controllers\HomeController.scala
2023.03.27 09:30:13 INFO  no build target found for C:\Projects\portfoliowebsite\portfolio\app\controllers\HomeController.scala. Using presentation compiler with project's scala-library version: 3.2.2
2023.03.27 09:30:17 INFO  time: code lens generation in 3.11s
2023.03.27 09:30:17 INFO  time: code lens generation in 6.1s
2023.03.27 10:09:41 WARN  no build target for: C:\Projects\portfoliowebsite\portfolio\app\controllers\HomeController.scala
Mar 27, 2023 10:09:41 AM org.eclipse.lsp4j.jsonrpc.RemoteEndpoint handleCancellation
WARNING: Unmatched cancel notification for request id 10
2023.03.27 10:09:50 WARN  no build target for: C:\Projects\portfoliowebsite\portfolio\app\controllers\HomeController.scala
2023.03.27 10:09:53 WARN  no build target for: C:\Projects\portfoliowebsite\portfolio\app\controllers\HomeController.scala
2023.03.27 10:09:54 WARN  no build target for: C:\Projects\portfoliowebsite\portfolio\app\controllers\HomeController.scala
2023.03.27 10:09:56 WARN  no build target for: C:\Projects\portfoliowebsite\portfolio\app\controllers\HomeController.scala
2023.03.27 10:10:00 WARN  no build target for: C:\Projects\portfoliowebsite\portfolio\app\controllers\HomeController.scala
Mar 27, 2023 10:10:01 AM org.eclipse.lsp4j.jsonrpc.RemoteEndpoint handleCancellation
WARNING: Unmatched cancel notification for request id 92
2023.03.27 10:10:09 WARN  no build target for: C:\Projects\portfoliowebsite\portfolio\app\controllers\HomeController.scala
2023.03.27 10:10:24 WARN  no build target for: C:\Projects\portfoliowebsite\portfolio\app\controllers\HomeController.scala
2023.03.27 10:10:25 WARN  no build target for: C:\Projects\portfoliowebsite\portfolio\app\controllers\HomeController.scala
Mar 27, 2023 10:25:36 AM org.eclipse.lsp4j.jsonrpc.RemoteEndpoint handleCancellation
WARNING: Unmatched cancel notification for request id 172
Mar 27, 2023 10:25:36 AM org.eclipse.lsp4j.jsonrpc.RemoteEndpoint handleCancellation
WARNING: Unmatched cancel notification for request id 177
2023.03.27 10:25:40 WARN  no build target for: C:\Projects\portfoliowebsite\portfolio\app\controllers\HomeController.scala
2023.03.27 10:25:42 WARN  no build target for: C:\Projects\portfoliowebsite\portfolio\app\controllers\HomeController.scala
2023.03.27 10:25:44 WARN  no build target for: C:\Projects\portfoliowebsite\portfolio\app\controllers\HomeController.scala
2023.03.27 10:25:54 WARN  no build target for: C:\Projects\portfoliowebsite\portfolio\app\controllers\HomeController.scala
2023.03.27 10:25:56 WARN  no build target for: C:\Projects\portfoliowebsite\portfolio\app\controllers\HomeController.scala
2023.03.27 10:25:59 WARN  no build target for: C:\Projects\portfoliowebsite\portfolio\app\controllers\HomeController.scala
2023.03.27 10:26:08 WARN  no build target for: C:\Projects\portfoliowebsite\portfolio\app\controllers\HomeController.scala
2023.03.27 10:26:11 WARN  no build target for: C:\Projects\portfoliowebsite\portfolio\app\controllers\HomeController.scala
Mar 27, 2023 10:26:12 AM org.eclipse.lsp4j.jsonrpc.RemoteEndpoint handleCancellation
WARNING: Unmatched cancel notification for request id 374
2023.03.27 10:26:14 WARN  no build target for: C:\Projects\portfoliowebsite\portfolio\app\controllers\HomeController.scala
2023.03.27 10:41:45 INFO  Shutting down server
2023.03.27 10:41:45 INFO  shutting down Metals
2023.03.27 10:41:45 INFO  Exiting server
2023.03.27 10:45:41 INFO  Started: Metals version 0.11.11 in workspace 'C:\Projects\portfoliowebsite\portfolio' for client Visual Studio Code 1.76.2.
SLF4J: No SLF4J providers were found.
SLF4J: Defaulting to no-operation (NOP) logger implementation
SLF4J: See https://www.slf4j.org/codes.html#noProviders for further details.
SLF4J: Class path contains SLF4J bindings targeting slf4j-api versions 1.7.x or earlier.
SLF4J: Ignoring binding found at [jar:file:/C:/Users/Siddh/AppData/Local/Coursier/cache/v1/https/repo1.maven.org/maven2/com/outr/scribe-slf4j_2.13/3.11.0/scribe-slf4j_2.13-3.11.0.jar!/org/slf4j/impl/StaticLoggerBinder.class]
SLF4J: See https://www.slf4j.org/codes.html#ignoredBindings for an explanation.
2023.03.27 10:45:43 INFO  time: initialize in 1.18s
2023.03.27 10:45:43 WARN  Build server is not auto-connectable.
2023.03.27 11:16:40 WARN  no build target for: C:\Projects\portfoliowebsite\portfolio\app\controllers\HomeController.scala
2023.03.27 11:16:44 INFO  no build target found for C:\Projects\portfoliowebsite\portfolio\app\controllers\HomeController.scala. Using presentation compiler with project's scala-library version: 3.2.2
2023.03.27 11:16:47 INFO  time: code lens generation in 6.35s
2023.03.27 11:28:03 INFO  Shutting down server
2023.03.27 11:28:03 INFO  shutting down Metals
2023.03.27 11:28:03 INFO  Exiting server
